Flow report for LiveDesign
Thu Feb 15 14:33:50 2018
Quartus Prime Version 17.1.0 Build 590 10/25/2017 SJ Lite Edition


---------------------
; Table of Contents ;
---------------------
  1. Legal Notice
  2. Flow Summary
  3. Flow Settings
  4. Flow Non-Default Global Settings
  5. Flow Elapsed Time
  6. Flow OS Summary
  7. Flow Log
  8. Flow Messages
  9. Flow Suppressed Messages



----------------
; Legal Notice ;
----------------
Copyright (C) 2017  Intel Corporation. All rights reserved.
Your use of Intel Corporation's design tools, logic functions 
and other software and tools, and its AMPP partner logic 
functions, and any output files from any of the foregoing 
(including device programming or simulation files), and any 
associated documentation or information are expressly subject 
to the terms and conditions of the Intel Program License 
Subscription Agreement, the Intel Quartus Prime License Agreement,
the Intel FPGA IP License Agreement, or other applicable license
agreement, including, without limitation, that your use is for
the sole purpose of programming logic devices manufactured by
Intel and sold by Intel or its authorized distributors.  Please
refer to the applicable agreement for further details.



+----------------------------------------------------------------------------------+
; Flow Summary                                                                     ;
+------------------------------------+---------------------------------------------+
; Flow Status                        ; Successful - Thu Feb 15 14:33:49 2018       ;
; Quartus Prime Version              ; 17.1.0 Build 590 10/25/2017 SJ Lite Edition ;
; Revision Name                      ; LiveDesign                                  ;
; Top-level Entity Name              ; Counter                                     ;
; Family                             ; Cyclone IV E                                ;
; Device                             ; EP4CE115F29C7                               ;
; Timing Models                      ; Final                                       ;
; Total logic elements               ; 67 / 114,480 ( < 1 % )                      ;
;     Total combinational functions  ; 67 / 114,480 ( < 1 % )                      ;
;     Dedicated logic registers      ; 31 / 114,480 ( < 1 % )                      ;
; Total registers                    ; 31                                          ;
; Total pins                         ; 35 / 529 ( 7 % )                            ;
; Total virtual pins                 ; 0                                           ;
; Total memory bits                  ; 0 / 3,981,312 ( 0 % )                       ;
; Embedded Multiplier 9-bit elements ; 0 / 532 ( 0 % )                             ;
; Total PLLs                         ; 0 / 4 ( 0 % )                               ;
+------------------------------------+---------------------------------------------+


+-----------------------------------------+
; Flow Settings                           ;
+-------------------+---------------------+
; Option            ; Setting             ;
+-------------------+---------------------+
; Start date & time ; 02/15/2018 13:58:53 ;
; Main task         ; Compilation         ;
; Revision Name     ; LiveDesign          ;
+-------------------+---------------------+


+-------------------------------------------------------------------------------------------------------------------------+
; Flow Non-Default Global Settings                                                                                        ;
+-------------------------------------+----------------------------------------+---------------+-------------+------------+
; Assignment Name                     ; Value                                  ; Default Value ; Entity Name ; Section Id ;
+-------------------------------------+----------------------------------------+---------------+-------------+------------+
; COMPILER_SIGNATURE_ID               ; 739210864033.151873193303496           ; --            ; --          ; --         ;
; MAX_CORE_JUNCTION_TEMP              ; 85                                     ; --            ; --          ; --         ;
; MIN_CORE_JUNCTION_TEMP              ; 0                                      ; --            ; --          ; --         ;
; MISC_FILE                           ; mf_counter.tdf                         ; --            ; --          ; --         ;
; MISC_FILE                           ; mf_counter.bsf                         ; --            ; --          ; --         ;
; MISC_FILE                           ; mf_counter_inst.tdf                    ; --            ; --          ; --         ;
; MISC_FILE                           ; mf_counter.inc                         ; --            ; --          ; --         ;
; MISC_FILE                           ; lpmcounter.bsf                         ; --            ; --          ; --         ;
; MISC_FILE                           ; lpmcounter_bb.v                        ; --            ; --          ; --         ;
; MISC_FILE                           ; fatcount.bsf                           ; --            ; --          ; --         ;
; MISC_FILE                           ; fatcount_bb.v                          ; --            ; --          ; --         ;
; PARTITION_COLOR                     ; -- (Not supported for targeted family) ; --            ; Counter     ; Top        ;
; PARTITION_FITTER_PRESERVATION_LEVEL ; -- (Not supported for targeted family) ; --            ; Counter     ; Top        ;
; PARTITION_NETLIST_TYPE              ; -- (Not supported for targeted family) ; --            ; Counter     ; Top        ;
; STATE_MACHINE_PROCESSING            ; User-Encoded                           ; Auto          ; --          ; --         ;
; TOP_LEVEL_ENTITY                    ; Counter                                ; LiveDesign    ; --          ; --         ;
+-------------------------------------+----------------------------------------+---------------+-------------+------------+


+-------------------------------------------------------------------------------------------------------------------------------+
; Flow Elapsed Time                                                                                                             ;
+---------------------------+--------------+-------------------------+---------------------+------------------------------------+
; Module Name               ; Elapsed Time ; Average Processors Used ; Peak Virtual Memory ; Total CPU Time (on all processors) ;
+---------------------------+--------------+-------------------------+---------------------+------------------------------------+
; Analysis & Synthesis      ; 00:00:12     ; 1.0                     ; 656 MB              ; 00:00:26                           ;
; Fitter                    ; 00:00:15     ; 1.0                     ; 1612 MB             ; 00:00:23                           ;
; Assembler                 ; 00:00:05     ; 1.0                     ; 607 MB              ; 00:00:05                           ;
; TimeQuest Timing Analyzer ; 00:00:02     ; 1.0                     ; 763 MB              ; 00:00:02                           ;
; EDA Netlist Writer        ; 00:00:01     ; 1.0                     ; 555 MB              ; 00:00:01                           ;
; EDA Netlist Writer        ; 00:00:01     ; 1.0                     ; 566 MB              ; 00:00:01                           ;
; EDA Netlist Writer        ; 00:00:00     ; 1.0                     ; 555 MB              ; 00:00:01                           ;
; EDA Netlist Writer        ; 00:00:00     ; 1.0                     ; 566 MB              ; 00:00:01                           ;
; EDA Netlist Writer        ; 00:00:01     ; 1.0                     ; 555 MB              ; 00:00:01                           ;
; EDA Netlist Writer        ; 00:00:01     ; 1.0                     ; 566 MB              ; 00:00:01                           ;
; EDA Netlist Writer        ; 00:00:00     ; 1.0                     ; 555 MB              ; 00:00:01                           ;
; EDA Netlist Writer        ; 00:00:01     ; 1.0                     ; 566 MB              ; 00:00:01                           ;
; EDA Netlist Writer        ; 00:00:01     ; 1.0                     ; 555 MB              ; 00:00:01                           ;
; EDA Netlist Writer        ; 00:00:01     ; 1.0                     ; 555 MB              ; 00:00:01                           ;
; EDA Netlist Writer        ; 00:00:01     ; 1.0                     ; 573 MB              ; 00:00:01                           ;
; Total                     ; 00:00:42     ; --                      ; --                  ; 00:01:07                           ;
+---------------------------+--------------+-------------------------+---------------------+------------------------------------+


+-----------------------------------------------------------------------------------------+
; Flow OS Summary                                                                         ;
+---------------------------+------------------+------------+------------+----------------+
; Module Name               ; Machine Hostname ; OS Name    ; OS Version ; Processor type ;
+---------------------------+------------------+------------+------------+----------------+
; Analysis & Synthesis      ; MSI              ; Windows 10 ; 10.0       ; x86_64         ;
; Fitter                    ; MSI              ; Windows 10 ; 10.0       ; x86_64         ;
; Assembler                 ; MSI              ; Windows 10 ; 10.0       ; x86_64         ;
; TimeQuest Timing Analyzer ; MSI              ; Windows 10 ; 10.0       ; x86_64         ;
; EDA Netlist Writer        ; MSI              ; Windows 10 ; 10.0       ; x86_64         ;
; EDA Netlist Writer        ; MSI              ; Windows 10 ; 10.0       ; x86_64         ;
; EDA Netlist Writer        ; MSI              ; Windows 10 ; 10.0       ; x86_64         ;
; EDA Netlist Writer        ; MSI              ; Windows 10 ; 10.0       ; x86_64         ;
; EDA Netlist Writer        ; MSI              ; Windows 10 ; 10.0       ; x86_64         ;
; EDA Netlist Writer        ; MSI              ; Windows 10 ; 10.0       ; x86_64         ;
; EDA Netlist Writer        ; MSI              ; Windows 10 ; 10.0       ; x86_64         ;
; EDA Netlist Writer        ; MSI              ; Windows 10 ; 10.0       ; x86_64         ;
; EDA Netlist Writer        ; MSI              ; Windows 10 ; 10.0       ; x86_64         ;
; EDA Netlist Writer        ; MSI              ; Windows 10 ; 10.0       ; x86_64         ;
; EDA Netlist Writer        ; MSI              ; Windows 10 ; 10.0       ; x86_64         ;
+---------------------------+------------------+------------+------------+----------------+


------------
; Flow Log ;
------------
quartus_map --read_settings_files=on --write_settings_files=off LiveDesign -c LiveDesign
quartus_fit --read_settings_files=off --write_settings_files=off LiveDesign -c LiveDesign
quartus_asm --read_settings_files=off --write_settings_files=off LiveDesign -c LiveDesign
quartus_sta LiveDesign -c LiveDesign
quartus_eda --gen_testbench --tool=modelsim_oem --format=verilog --write_settings_files=off LiveDesign -c LiveDesign --vector_source=D:/School/Physics_127BL/127BL_FPGA_Labs/Labs/Virgin/Lab_3_3/LiveDesign.vwf --testbench_file=D:/School/Physics_127BL/127BL_FPGA_Labs/Labs/Virgin/Lab_3_3/simulation/qsim/LiveDesign.vwf.vt
quartus_eda --write_settings_files=off --simulation=on --functional=on --flatten_buses=off --tool=modelsim_oem --format=verilog --output_directory=D:/School/Physics_127BL/127BL_FPGA_Labs/Labs/Virgin/Lab_3_3/simulation/qsim/ LiveDesign -c LiveDesign
quartus_eda --gen_testbench --tool=modelsim_oem --format=verilog --write_settings_files=off LiveDesign -c LiveDesign --vector_source=D:/School/Physics_127BL/127BL_FPGA_Labs/Labs/Virgin/Lab_3_3/LiveDesign.vwf --testbench_file=D:/School/Physics_127BL/127BL_FPGA_Labs/Labs/Virgin/Lab_3_3/simulation/qsim/LiveDesign.vwf.vt
quartus_eda --write_settings_files=off --simulation=on --functional=on --flatten_buses=off --tool=modelsim_oem --format=verilog --output_directory=D:/School/Physics_127BL/127BL_FPGA_Labs/Labs/Virgin/Lab_3_3/simulation/qsim/ LiveDesign -c LiveDesign
quartus_eda --gen_testbench --tool=modelsim_oem --format=verilog --write_settings_files=off LiveDesign -c LiveDesign --vector_source=D:/School/Physics_127BL/127BL_FPGA_Labs/Labs/Virgin/Lab_3_3/LiveDesign.vwf --testbench_file=D:/School/Physics_127BL/127BL_FPGA_Labs/Labs/Virgin/Lab_3_3/simulation/qsim/LiveDesign.vwf.vt
quartus_eda --write_settings_files=off --simulation=on --functional=on --flatten_buses=off --tool=modelsim_oem --format=verilog --output_directory=D:/School/Physics_127BL/127BL_FPGA_Labs/Labs/Virgin/Lab_3_3/simulation/qsim/ LiveDesign -c LiveDesign
quartus_eda --gen_testbench --tool=modelsim_oem --format=verilog --write_settings_files=off LiveDesign -c LiveDesign --vector_source=D:/School/Physics_127BL/127BL_FPGA_Labs/Labs/Virgin/Lab_3_3/LiveDesign.vwf --testbench_file=D:/School/Physics_127BL/127BL_FPGA_Labs/Labs/Virgin/Lab_3_3/simulation/qsim/LiveDesign.vwf.vt
quartus_eda --write_settings_files=off --simulation=on --functional=on --flatten_buses=off --tool=modelsim_oem --format=verilog --output_directory=D:/School/Physics_127BL/127BL_FPGA_Labs/Labs/Virgin/Lab_3_3/simulation/qsim/ LiveDesign -c LiveDesign
quartus_eda --gen_testbench --tool=modelsim_oem --format=verilog --write_settings_files=off LiveDesign -c LiveDesign --vector_source=D:/School/Physics_127BL/127BL_FPGA_Labs/Labs/Virgin/Lab_3_3/Waveform.vwf --testbench_file=D:/School/Physics_127BL/127BL_FPGA_Labs/Labs/Virgin/Lab_3_3/simulation/qsim/Waveform.vwf.vt
quartus_eda --gen_testbench --tool=modelsim_oem --format=verilog --write_settings_files=off LiveDesign -c LiveDesign --vector_source=D:/School/Physics_127BL/127BL_FPGA_Labs/Labs/Virgin/Lab_3_3/LiveDesign.vwf --testbench_file=D:/School/Physics_127BL/127BL_FPGA_Labs/Labs/Virgin/Lab_3_3/simulation/qsim/LiveDesign.vwf.vt
quartus_eda --write_settings_files=off --simulation=on --functional=off --flatten_buses=off --timescale=1ps --tool=modelsim_oem --format=verilog --output_directory=D:/School/Physics_127BL/127BL_FPGA_Labs/Labs/Virgin/Lab_3_3/simulation/qsim/ LiveDesign -c LiveDesign



