Simulator report for LiveDesign
Tue Feb 14 13:54:47 2006
Version 4.2 Build 156 11/29/2004 SJ Web Edition


---------------------
; Table of Contents ;
---------------------
  1. Legal Notice
  2. Simulator Summary
  3. Simulator Settings
  4. Simulation Waveforms
  5. |LiveDesign|lpm_rom1:inst1|altsyncram:altsyncram_component|altsyncram_vmq:auto_generated|ALTSYNCRAM
  6. |LiveDesign|lpm_ram1:inst2|altsyncram:altsyncram_component|altsyncram_tmu:auto_generated|ALTSYNCRAM
  7. Simulator INI Usage
  8. Simulator Messages



----------------
; Legal Notice ;
----------------
Copyright (C) 1991-2004 Altera Corporation
Any  megafunction  design,  and related netlist (encrypted  or  decrypted),
support information,  device programming or simulation file,  and any other
associated  documentation or information  provided by  Altera  or a partner
under  Altera's   Megafunction   Partnership   Program  may  be  used  only
to program  PLD  devices (but not masked  PLD  devices) from  Altera.   Any
other  use  of such  megafunction  design,  netlist,  support  information,
device programming or simulation file,  or any other  related documentation
or information  is prohibited  for  any  other purpose,  including, but not
limited to  modification,  reverse engineering,  de-compiling, or use  with
any other  silicon devices,  unless such use is  explicitly  licensed under
a separate agreement with  Altera  or a megafunction partner.  Title to the
intellectual property,  including patents,  copyrights,  trademarks,  trade
secrets,  or maskworks,  embodied in any such megafunction design, netlist,
support  information,  device programming or simulation file,  or any other
related documentation or information provided by  Altera  or a megafunction
partner, remains with Altera, the megafunction partner, or their respective
licensors. No other licenses, including any licenses needed under any third
party's intellectual property, are provided herein.



+--------------------------------------------+
; Simulator Summary                          ;
+-----------------------------+--------------+
; Type                        ; Value        ;
+-----------------------------+--------------+
; Simulation Start Time       ; 0 ps         ;
; Simulation End Time         ; 10.0 us      ;
; Simulation Netlist Size     ; 142 nodes    ;
; Simulation Coverage         ;      59.65 % ;
; Total Number of Transitions ; 11697        ;
+-----------------------------+--------------+


+-----------------------------------------------------------------+
; Simulator Settings                                              ;
+-------------------------------------------------------+---------+
; Option                                                ; Setting ;
+-------------------------------------------------------+---------+
; Simulation mode                                       ; Timing  ;
; Start time                                            ; 0ns     ;
; Add pins automatically to simulation output waveforms ; On      ;
; Check outputs                                         ; Off     ;
; Report simulation coverage                            ; On      ;
; Detect setup and hold time violations                 ; Off     ;
; Detect glitches                                       ; Off     ;
; Automatically save/load simulation netlist            ; Off     ;
; Disable timing delays in Timing Simulation            ; Off     ;
; Generate Signal Activity File                         ; Off     ;
+-------------------------------------------------------+---------+


+----------------------+
; Simulation Waveforms ;
+----------------------+
Waveform report data cannot be output to ASCII.
Please use Quartus II to view the waveform report data.


+-----------------------------------------------------------------------------------------------------+
; |LiveDesign|lpm_rom1:inst1|altsyncram:altsyncram_component|altsyncram_vmq:auto_generated|ALTSYNCRAM ;
+-----------------------------------------------------------------------------------------------------+
Memory report data cannot be output to ASCII.
Please use Quartus II to view the memory report data.


+-----------------------------------------------------------------------------------------------------+
; |LiveDesign|lpm_ram1:inst2|altsyncram:altsyncram_component|altsyncram_tmu:auto_generated|ALTSYNCRAM ;
+-----------------------------------------------------------------------------------------------------+
Memory report data cannot be output to ASCII.
Please use Quartus II to view the memory report data.


+---------------------+
; Simulator INI Usage ;
+--------+------------+
; Option ; Usage      ;
+--------+------------+


+--------------------+
; Simulator Messages ;
+--------------------+
Info: *******************************************************************
Info: Running Quartus II Simulator
    Info: Version 4.2 Build 156 11/29/2004 SJ Web Edition
    Info: Processing started: Tue Feb 14 13:54:47 2006
Info: Command: quartus_sim --import_settings_files=on --export_settings_files=off LiveDesign -c LiveDesign
Warning: Can't display state machine states -- register holding state machine bit "|LiveDesign|SlowClock:inst3|seqdebounce:inst3|ss$stateout" was synthesized away
Warning: Can't display state machine states -- register holding state machine bit "|LiveDesign|SlowClock:inst3|seqdebounce:inst3|statecnt" was synthesized away
Warning: Ignored node in vector source file. Can't find corresponding node name "dadr[3]" in design.
Warning: Ignored node in vector source file. Can't find corresponding node name "dadr[2]" in design.
Warning: Ignored node in vector source file. Can't find corresponding node name "dadr[1]" in design.
Warning: Ignored node in vector source file. Can't find corresponding node name "dadr[0]" in design.
Warning: Ignored node in vector source file. Can't find corresponding node name "din[3]" in design.
Warning: Ignored node in vector source file. Can't find corresponding node name "din[2]" in design.
Warning: Ignored node in vector source file. Can't find corresponding node name "din[1]" in design.
Warning: Ignored node in vector source file. Can't find corresponding node name "din[0]" in design.
Info: Simulation coverage is      59.65 %
Info: Number of transitions in simulation is 11697
Info: Quartus II Simulator was successful. 0 errors, 10 warnings
    Info: Processing ended: Tue Feb 14 13:54:47 2006
    Info: Elapsed time: 00:00:01


