Analysis & Synthesis report for LiveDesign
Fri Mar 09 18:17:17 2018
Quartus Prime Version 17.0.0 Build 595 04/25/2017 SJ Standard Edition


---------------------
; Table of Contents ;
---------------------
  1. Legal Notice
  2. Analysis & Synthesis Summary
  3. Analysis & Synthesis Settings
  4. Parallel Compilation
  5. Analysis & Synthesis Source Files Read
  6. Analysis & Synthesis Resource Usage Summary
  7. Analysis & Synthesis Resource Utilization by Entity
  8. Analysis & Synthesis RAM Summary
  9. Analysis & Synthesis IP Cores Summary
 10. General Register Statistics
 11. Source assignments for sinconvert:inst3|altsyncram:altsyncram_component|altsyncram_ae91:auto_generated
 12. Parameter Settings for User Entity Instance: multiplexer:inst1|LPM_MUX:LPM_MUX_component
 13. Parameter Settings for User Entity Instance: sinconvert:inst3|altsyncram:altsyncram_component
 14. Parameter Settings for User Entity Instance: updown:inst2|lpm_counter:LPM_COUNTER_component
 15. Parameter Settings for User Entity Instance: decode:inst10|lpm_decode:LPM_DECODE_component
 16. Parameter Settings for User Entity Instance: oscillator:inst|lpm_counter:LPM_COUNTER_component
 17. altsyncram Parameter Settings by Entity Instance
 18. Post-Synthesis Netlist Statistics for Top Partition
 19. Elapsed Time Per Partition
 20. Analysis & Synthesis Messages



----------------
; Legal Notice ;
----------------
Copyright (C) 2017  Intel Corporation. All rights reserved.
Your use of Intel Corporation's design tools, logic functions 
and other software and tools, and its AMPP partner logic 
functions, and any output files from any of the foregoing 
(including device programming or simulation files), and any 
associated documentation or information are expressly subject 
to the terms and conditions of the Intel Program License 
Subscription Agreement, the Intel Quartus Prime License Agreement,
the Intel MegaCore Function License Agreement, or other 
applicable license agreement, including, without limitation, 
that your use is for the sole purpose of programming logic 
devices manufactured by Intel and sold by Intel or its 
authorized distributors.  Please refer to the applicable 
agreement for further details.



+--------------------------------------------------------------------------------------+
; Analysis & Synthesis Summary                                                         ;
+------------------------------------+-------------------------------------------------+
; Analysis & Synthesis Status        ; Successful - Fri Mar 09 18:17:16 2018           ;
; Quartus Prime Version              ; 17.0.0 Build 595 04/25/2017 SJ Standard Edition ;
; Revision Name                      ; LiveDesign                                      ;
; Top-level Entity Name              ; TopLevel                                        ;
; Family                             ; Cyclone IV E                                    ;
; Total logic elements               ; 41                                              ;
;     Total combinational functions  ; 41                                              ;
;     Dedicated logic registers      ; 21                                              ;
; Total registers                    ; 21                                              ;
; Total pins                         ; 13                                              ;
; Total virtual pins                 ; 0                                               ;
; Total memory bits                  ; 2,048                                           ;
; Embedded Multiplier 9-bit elements ; 0                                               ;
; Total PLLs                         ; 0                                               ;
+------------------------------------+-------------------------------------------------+


+----------------------------------------------------------------------------------------------------------------------+
; Analysis & Synthesis Settings                                                                                        ;
+----------------------------------------------------------------------------+--------------------+--------------------+
; Option                                                                     ; Setting            ; Default Value      ;
+----------------------------------------------------------------------------+--------------------+--------------------+
; Device                                                                     ; EP4CE115F29C7      ;                    ;
; Top-level entity name                                                      ; TopLevel           ; LiveDesign         ;
; Family name                                                                ; Cyclone IV E       ; Stratix            ;
; State Machine Processing                                                   ; User-Encoded       ; Auto               ;
; Use smart compilation                                                      ; Off                ; Off                ;
; Enable parallel Assembler and TimeQuest Timing Analyzer during compilation ; On                 ; On                 ;
; Enable compact report table                                                ; Off                ; Off                ;
; Restructure Multiplexers                                                   ; Auto               ; Auto               ;
; Create Debugging Nodes for IP Cores                                        ; Off                ; Off                ;
; Preserve fewer node names                                                  ; On                 ; On                 ;
; OpenCore Plus hardware evaluation                                          ; Enable             ; Enable             ;
; Verilog Version                                                            ; Verilog_2001       ; Verilog_2001       ;
; VHDL Version                                                               ; VHDL_1993          ; VHDL_1993          ;
; Safe State Machine                                                         ; Off                ; Off                ;
; Extract Verilog State Machines                                             ; On                 ; On                 ;
; Extract VHDL State Machines                                                ; On                 ; On                 ;
; Ignore Verilog initial constructs                                          ; Off                ; Off                ;
; Iteration limit for constant Verilog loops                                 ; 5000               ; 5000               ;
; Iteration limit for non-constant Verilog loops                             ; 250                ; 250                ;
; Add Pass-Through Logic to Inferred RAMs                                    ; On                 ; On                 ;
; Infer RAMs from Raw Logic                                                  ; On                 ; On                 ;
; Parallel Synthesis                                                         ; Off                ; Off                ;
; DSP Block Balancing                                                        ; Auto               ; Auto               ;
; NOT Gate Push-Back                                                         ; On                 ; On                 ;
; Power-Up Don't Care                                                        ; On                 ; On                 ;
; Remove Redundant Logic Cells                                               ; Off                ; Off                ;
; Remove Duplicate Registers                                                 ; On                 ; On                 ;
; Ignore CARRY Buffers                                                       ; Off                ; Off                ;
; Ignore CASCADE Buffers                                                     ; Off                ; Off                ;
; Ignore GLOBAL Buffers                                                      ; Off                ; Off                ;
; Ignore ROW GLOBAL Buffers                                                  ; Off                ; Off                ;
; Ignore LCELL Buffers                                                       ; Off                ; Off                ;
; Ignore SOFT Buffers                                                        ; On                 ; On                 ;
; Limit AHDL Integers to 32 Bits                                             ; Off                ; Off                ;
; Optimization Technique                                                     ; Balanced           ; Balanced           ;
; Carry Chain Length                                                         ; 70                 ; 70                 ;
; Auto Carry Chains                                                          ; On                 ; On                 ;
; Auto Open-Drain Pins                                                       ; On                 ; On                 ;
; Perform WYSIWYG Primitive Resynthesis                                      ; Off                ; Off                ;
; Auto ROM Replacement                                                       ; On                 ; On                 ;
; Auto RAM Replacement                                                       ; On                 ; On                 ;
; Auto DSP Block Replacement                                                 ; On                 ; On                 ;
; Auto Shift Register Replacement                                            ; Auto               ; Auto               ;
; Allow Shift Register Merging across Hierarchies                            ; Auto               ; Auto               ;
; Auto Clock Enable Replacement                                              ; On                 ; On                 ;
; Strict RAM Replacement                                                     ; Off                ; Off                ;
; Allow Synchronous Control Signals                                          ; On                 ; On                 ;
; Force Use of Synchronous Clear Signals                                     ; Off                ; Off                ;
; Auto RAM Block Balancing                                                   ; On                 ; On                 ;
; Auto RAM to Logic Cell Conversion                                          ; Off                ; Off                ;
; Auto Resource Sharing                                                      ; Off                ; Off                ;
; Allow Any RAM Size For Recognition                                         ; Off                ; Off                ;
; Allow Any ROM Size For Recognition                                         ; Off                ; Off                ;
; Allow Any Shift Register Size For Recognition                              ; Off                ; Off                ;
; Use LogicLock Constraints during Resource Balancing                        ; On                 ; On                 ;
; Ignore translate_off and synthesis_off directives                          ; Off                ; Off                ;
; Timing-Driven Synthesis                                                    ; Off                ; Off                ;
; Report Parameter Settings                                                  ; On                 ; On                 ;
; Report Source Assignments                                                  ; On                 ; On                 ;
; Report Connectivity Checks                                                 ; On                 ; On                 ;
; Ignore Maximum Fan-Out Assignments                                         ; Off                ; Off                ;
; Synchronization Register Chain Length                                      ; 2                  ; 2                  ;
; PowerPlay Power Optimization During Synthesis                              ; Normal compilation ; Normal compilation ;
; HDL message level                                                          ; Level2             ; Level2             ;
; Suppress Register Optimization Related Messages                            ; Off                ; Off                ;
; Number of Removed Registers Reported in Synthesis Report                   ; 5000               ; 5000               ;
; Number of Swept Nodes Reported in Synthesis Report                         ; 5000               ; 5000               ;
; Number of Inverted Registers Reported in Synthesis Report                  ; 100                ; 100                ;
; Clock MUX Protection                                                       ; On                 ; On                 ;
; Auto Gated Clock Conversion                                                ; Off                ; Off                ;
; Block Design Naming                                                        ; Auto               ; Auto               ;
; SDC constraint protection                                                  ; Off                ; Off                ;
; Synthesis Effort                                                           ; Auto               ; Auto               ;
; Shift Register Replacement - Allow Asynchronous Clear Signal               ; On                 ; On                 ;
; Pre-Mapping Resynthesis Optimization                                       ; Off                ; Off                ;
; Analysis & Synthesis Message Level                                         ; Medium             ; Medium             ;
; Disable Register Merging Across Hierarchies                                ; Auto               ; Auto               ;
; Resource Aware Inference For Block RAM                                     ; On                 ; On                 ;
+----------------------------------------------------------------------------+--------------------+--------------------+


+------------------------------------------+
; Parallel Compilation                     ;
+----------------------------+-------------+
; Processors                 ; Number      ;
+----------------------------+-------------+
; Number detected on machine ; 8           ;
; Maximum allowed            ; 4           ;
;                            ;             ;
; Average used               ; 1.00        ;
; Maximum used               ; 1           ;
;                            ;             ;
; Usage by Processor         ; % Time Used ;
;     Processor 1            ; 100.0%      ;
+----------------------------+-------------+


+-----------------------------------------------------------------------------------------------------------------------------------------------------------------------------------+
; Analysis & Synthesis Source Files Read                                                                                                                                            ;
+----------------------------------+-----------------+----------------------------------------+---------------------------------------------------------------------------+---------+
; File Name with User-Entered Path ; Used in Netlist ; File Type                              ; File Name with Absolute Path                                              ; Library ;
+----------------------------------+-----------------+----------------------------------------+---------------------------------------------------------------------------+---------+
; TopLevel.bdf                     ; yes             ; User Block Diagram/Schematic File      ; D:/Labs/Virgin/Lab_7_2/TopLevel.bdf                                       ;         ;
; oscillator.vhd                   ; yes             ; User Wizard-Generated File             ; D:/Labs/Virgin/Lab_7_2/oscillator.vhd                                     ;         ;
; multiplexer.vhd                  ; yes             ; User Wizard-Generated File             ; D:/Labs/Virgin/Lab_7_2/multiplexer.vhd                                    ;         ;
; updown.v                         ; yes             ; User Wizard-Generated File             ; D:/Labs/Virgin/Lab_7_2/updown.v                                           ;         ;
; decode.v                         ; yes             ; User Wizard-Generated File             ; D:/Labs/Virgin/Lab_7_2/decode.v                                           ;         ;
; sinconvert.v                     ; yes             ; User Wizard-Generated File             ; D:/Labs/Virgin/Lab_7_2/sinconvert.v                                       ;         ;
; lpm_mux.tdf                      ; yes             ; Megafunction                           ; c:/intelfpga/17.0/quartus/libraries/megafunctions/lpm_mux.tdf             ;         ;
; aglobal170.inc                   ; yes             ; Megafunction                           ; c:/intelfpga/17.0/quartus/libraries/megafunctions/aglobal170.inc          ;         ;
; muxlut.inc                       ; yes             ; Megafunction                           ; c:/intelfpga/17.0/quartus/libraries/megafunctions/muxlut.inc              ;         ;
; bypassff.inc                     ; yes             ; Megafunction                           ; c:/intelfpga/17.0/quartus/libraries/megafunctions/bypassff.inc            ;         ;
; altshift.inc                     ; yes             ; Megafunction                           ; c:/intelfpga/17.0/quartus/libraries/megafunctions/altshift.inc            ;         ;
; db/mux_p7e.tdf                   ; yes             ; Auto-Generated Megafunction            ; D:/Labs/Virgin/Lab_7_2/db/mux_p7e.tdf                                     ;         ;
; altsyncram.tdf                   ; yes             ; Megafunction                           ; c:/intelfpga/17.0/quartus/libraries/megafunctions/altsyncram.tdf          ;         ;
; stratix_ram_block.inc            ; yes             ; Megafunction                           ; c:/intelfpga/17.0/quartus/libraries/megafunctions/stratix_ram_block.inc   ;         ;
; lpm_mux.inc                      ; yes             ; Megafunction                           ; c:/intelfpga/17.0/quartus/libraries/megafunctions/lpm_mux.inc             ;         ;
; lpm_decode.inc                   ; yes             ; Megafunction                           ; c:/intelfpga/17.0/quartus/libraries/megafunctions/lpm_decode.inc          ;         ;
; a_rdenreg.inc                    ; yes             ; Megafunction                           ; c:/intelfpga/17.0/quartus/libraries/megafunctions/a_rdenreg.inc           ;         ;
; altrom.inc                       ; yes             ; Megafunction                           ; c:/intelfpga/17.0/quartus/libraries/megafunctions/altrom.inc              ;         ;
; altram.inc                       ; yes             ; Megafunction                           ; c:/intelfpga/17.0/quartus/libraries/megafunctions/altram.inc              ;         ;
; altdpram.inc                     ; yes             ; Megafunction                           ; c:/intelfpga/17.0/quartus/libraries/megafunctions/altdpram.inc            ;         ;
; db/altsyncram_ae91.tdf           ; yes             ; Auto-Generated Megafunction            ; D:/Labs/Virgin/Lab_7_2/db/altsyncram_ae91.tdf                             ;         ;
; sinecode.mif                     ; yes             ; Auto-Found Memory Initialization File  ; D:/Labs/Virgin/Lab_7_2/sinecode.mif                                       ;         ;
; lpm_counter.tdf                  ; yes             ; Megafunction                           ; c:/intelfpga/17.0/quartus/libraries/megafunctions/lpm_counter.tdf         ;         ;
; lpm_constant.inc                 ; yes             ; Megafunction                           ; c:/intelfpga/17.0/quartus/libraries/megafunctions/lpm_constant.inc        ;         ;
; lpm_add_sub.inc                  ; yes             ; Megafunction                           ; c:/intelfpga/17.0/quartus/libraries/megafunctions/lpm_add_sub.inc         ;         ;
; cmpconst.inc                     ; yes             ; Megafunction                           ; c:/intelfpga/17.0/quartus/libraries/megafunctions/cmpconst.inc            ;         ;
; lpm_compare.inc                  ; yes             ; Megafunction                           ; c:/intelfpga/17.0/quartus/libraries/megafunctions/lpm_compare.inc         ;         ;
; lpm_counter.inc                  ; yes             ; Megafunction                           ; c:/intelfpga/17.0/quartus/libraries/megafunctions/lpm_counter.inc         ;         ;
; dffeea.inc                       ; yes             ; Megafunction                           ; c:/intelfpga/17.0/quartus/libraries/megafunctions/dffeea.inc              ;         ;
; alt_counter_stratix.inc          ; yes             ; Megafunction                           ; c:/intelfpga/17.0/quartus/libraries/megafunctions/alt_counter_stratix.inc ;         ;
; db/cntr_2ph.tdf                  ; yes             ; Auto-Generated Megafunction            ; D:/Labs/Virgin/Lab_7_2/db/cntr_2ph.tdf                                    ;         ;
; lpm_decode.tdf                   ; yes             ; Megafunction                           ; c:/intelfpga/17.0/quartus/libraries/megafunctions/lpm_decode.tdf          ;         ;
; declut.inc                       ; yes             ; Megafunction                           ; c:/intelfpga/17.0/quartus/libraries/megafunctions/declut.inc              ;         ;
; db/decode_oef.tdf                ; yes             ; Auto-Generated Megafunction            ; D:/Labs/Virgin/Lab_7_2/db/decode_oef.tdf                                  ;         ;
; db/cntr_1gk.tdf                  ; yes             ; Auto-Generated Megafunction            ; D:/Labs/Virgin/Lab_7_2/db/cntr_1gk.tdf                                    ;         ;
; db/cmpr_9ic.tdf                  ; yes             ; Auto-Generated Megafunction            ; D:/Labs/Virgin/Lab_7_2/db/cmpr_9ic.tdf                                    ;         ;
+----------------------------------+-----------------+----------------------------------------+---------------------------------------------------------------------------+---------+


+--------------------------------------------------------------+
; Analysis & Synthesis Resource Usage Summary                  ;
+---------------------------------------------+----------------+
; Resource                                    ; Usage          ;
+---------------------------------------------+----------------+
; Estimated Total logic elements              ; 41             ;
;                                             ;                ;
; Total combinational functions               ; 41             ;
; Logic element usage by number of LUT inputs ;                ;
;     -- 4 input functions                    ; 7              ;
;     -- 3 input functions                    ; 16             ;
;     -- <=2 input functions                  ; 18             ;
;                                             ;                ;
; Logic elements by mode                      ;                ;
;     -- normal mode                          ; 20             ;
;     -- arithmetic mode                      ; 21             ;
;                                             ;                ;
; Total registers                             ; 21             ;
;     -- Dedicated logic registers            ; 21             ;
;     -- I/O registers                        ; 0              ;
;                                             ;                ;
; I/O pins                                    ; 13             ;
; Total memory bits                           ; 2048           ;
;                                             ;                ;
; Embedded Multiplier 9-bit elements          ; 0              ;
;                                             ;                ;
; Maximum fan-out node                        ; CLOCK_50~input ;
; Maximum fan-out                             ; 30             ;
; Total fan-out                               ; 268            ;
; Average fan-out                             ; 2.79           ;
+---------------------------------------------+----------------+


+---------------------------------------------------------------------------------------------------------------------------------------------------------------------------------------------------------------------------------------------------------------------------------------------------+
; Analysis & Synthesis Resource Utilization by Entity                                                                                                                                                                                                                                               ;
+-------------------------------------------+---------------------+---------------------------+-------------+--------------+---------+-----------+------+--------------+-------------------------------------------------------------------------------------------+-----------------+--------------+
; Compilation Hierarchy Node                ; Combinational ALUTs ; Dedicated Logic Registers ; Memory Bits ; DSP Elements ; DSP 9x9 ; DSP 18x18 ; Pins ; Virtual Pins ; Full Hierarchy Name                                                                       ; Entity Name     ; Library Name ;
+-------------------------------------------+---------------------+---------------------------+-------------+--------------+---------+-----------+------+--------------+-------------------------------------------------------------------------------------------+-----------------+--------------+
; |TopLevel                                 ; 41 (5)              ; 21 (1)                    ; 2048        ; 0            ; 0       ; 0         ; 13   ; 0            ; |TopLevel                                                                                 ; TopLevel        ; work         ;
;    |multiplexer:inst1|                    ; 8 (0)               ; 0 (0)                     ; 0           ; 0            ; 0       ; 0         ; 0    ; 0            ; |TopLevel|multiplexer:inst1                                                               ; multiplexer     ; work         ;
;       |lpm_mux:LPM_MUX_component|         ; 8 (0)               ; 0 (0)                     ; 0           ; 0            ; 0       ; 0         ; 0    ; 0            ; |TopLevel|multiplexer:inst1|lpm_mux:LPM_MUX_component                                     ; lpm_mux         ; work         ;
;          |mux_p7e:auto_generated|         ; 8 (8)               ; 0 (0)                     ; 0           ; 0            ; 0       ; 0         ; 0    ; 0            ; |TopLevel|multiplexer:inst1|lpm_mux:LPM_MUX_component|mux_p7e:auto_generated              ; mux_p7e         ; work         ;
;    |oscillator:inst|                      ; 19 (0)              ; 12 (0)                    ; 0           ; 0            ; 0       ; 0         ; 0    ; 0            ; |TopLevel|oscillator:inst                                                                 ; oscillator      ; work         ;
;       |lpm_counter:LPM_COUNTER_component| ; 19 (0)              ; 12 (0)                    ; 0           ; 0            ; 0       ; 0         ; 0    ; 0            ; |TopLevel|oscillator:inst|lpm_counter:LPM_COUNTER_component                               ; lpm_counter     ; work         ;
;          |cntr_1gk:auto_generated|        ; 19 (19)             ; 12 (12)                   ; 0           ; 0            ; 0       ; 0         ; 0    ; 0            ; |TopLevel|oscillator:inst|lpm_counter:LPM_COUNTER_component|cntr_1gk:auto_generated       ; cntr_1gk        ; work         ;
;    |sinconvert:inst3|                     ; 0 (0)               ; 0 (0)                     ; 2048        ; 0            ; 0       ; 0         ; 0    ; 0            ; |TopLevel|sinconvert:inst3                                                                ; sinconvert      ; work         ;
;       |altsyncram:altsyncram_component|   ; 0 (0)               ; 0 (0)                     ; 2048        ; 0            ; 0       ; 0         ; 0    ; 0            ; |TopLevel|sinconvert:inst3|altsyncram:altsyncram_component                                ; altsyncram      ; work         ;
;          |altsyncram_ae91:auto_generated| ; 0 (0)               ; 0 (0)                     ; 2048        ; 0            ; 0       ; 0         ; 0    ; 0            ; |TopLevel|sinconvert:inst3|altsyncram:altsyncram_component|altsyncram_ae91:auto_generated ; altsyncram_ae91 ; work         ;
;    |updown:inst2|                         ; 9 (0)               ; 8 (0)                     ; 0           ; 0            ; 0       ; 0         ; 0    ; 0            ; |TopLevel|updown:inst2                                                                    ; updown          ; work         ;
;       |lpm_counter:LPM_COUNTER_component| ; 9 (0)               ; 8 (0)                     ; 0           ; 0            ; 0       ; 0         ; 0    ; 0            ; |TopLevel|updown:inst2|lpm_counter:LPM_COUNTER_component                                  ; lpm_counter     ; work         ;
;          |cntr_2ph:auto_generated|        ; 9 (9)               ; 8 (8)                     ; 0           ; 0            ; 0       ; 0         ; 0    ; 0            ; |TopLevel|updown:inst2|lpm_counter:LPM_COUNTER_component|cntr_2ph:auto_generated          ; cntr_2ph        ; work         ;
+-------------------------------------------+---------------------+---------------------------+-------------+--------------+---------+-----------+------+--------------+-------------------------------------------------------------------------------------------+-----------------+--------------+
Note: For table entries with two numbers listed, the numbers in parentheses indicate the number of resources of the given type used by the specific entity alone. The numbers listed outside of parentheses indicate the total resources of the given type used by the specific entity and all of its sub-entities in the hierarchy.


+--------------------------------------------------------------------------------------------------------------------------------------------------------------------------------------------+
; Analysis & Synthesis RAM Summary                                                                                                                                                           ;
+--------------------------------------------------------------------------------------------+------+------+--------------+--------------+--------------+--------------+------+--------------+
; Name                                                                                       ; Type ; Mode ; Port A Depth ; Port A Width ; Port B Depth ; Port B Width ; Size ; MIF          ;
+--------------------------------------------------------------------------------------------+------+------+--------------+--------------+--------------+--------------+------+--------------+
; sinconvert:inst3|altsyncram:altsyncram_component|altsyncram_ae91:auto_generated|ALTSYNCRAM ; AUTO ; ROM  ; 256          ; 8            ; --           ; --           ; 2048 ; sinecode.mif ;
+--------------------------------------------------------------------------------------------+------+------+--------------+--------------+--------------+--------------+------+--------------+


+---------------------------------------------------------------------------------------------------------------+
; Analysis & Synthesis IP Cores Summary                                                                         ;
+--------+--------------+---------+--------------+--------------+-----------------------------+-----------------+
; Vendor ; IP Core Name ; Version ; Release Date ; License Type ; Entity Instance             ; IP Include File ;
+--------+--------------+---------+--------------+--------------+-----------------------------+-----------------+
; Altera ; LPM_COUNTER  ; 17.0    ; N/A          ; N/A          ; |TopLevel|oscillator:inst   ; oscillator.vhd  ;
; Altera ; LPM_MUX      ; 17.0    ; N/A          ; N/A          ; |TopLevel|multiplexer:inst1 ; multiplexer.vhd ;
; Altera ; LPM_COUNTER  ; 17.0    ; N/A          ; N/A          ; |TopLevel|updown:inst2      ; updown.v        ;
; Altera ; ROM: 1-PORT  ; 17.0    ; N/A          ; N/A          ; |TopLevel|sinconvert:inst3  ; sinconvert.v    ;
; Altera ; LPM_DECODE   ; 17.0    ; N/A          ; N/A          ; |TopLevel|decode:inst10     ; decode.v        ;
+--------+--------------+---------+--------------+--------------+-----------------------------+-----------------+


+------------------------------------------------------+
; General Register Statistics                          ;
+----------------------------------------------+-------+
; Statistic                                    ; Value ;
+----------------------------------------------+-------+
; Total registers                              ; 21    ;
; Number of registers using Synchronous Clear  ; 0     ;
; Number of registers using Synchronous Load   ; 12    ;
; Number of registers using Asynchronous Clear ; 0     ;
; Number of registers using Asynchronous Load  ; 0     ;
; Number of registers using Clock Enable       ; 0     ;
; Number of registers using Preset             ; 0     ;
+----------------------------------------------+-------+


+--------------------------------------------------------------------------------------------------------+
; Source assignments for sinconvert:inst3|altsyncram:altsyncram_component|altsyncram_ae91:auto_generated ;
+---------------------------------+--------------------+------+------------------------------------------+
; Assignment                      ; Value              ; From ; To                                       ;
+---------------------------------+--------------------+------+------------------------------------------+
; OPTIMIZE_POWER_DURING_SYNTHESIS ; NORMAL_COMPILATION ; -    ; -                                        ;
+---------------------------------+--------------------+------+------------------------------------------+


+------------------------------------------------------------------------------------------+
; Parameter Settings for User Entity Instance: multiplexer:inst1|LPM_MUX:LPM_MUX_component ;
+------------------------+--------------+--------------------------------------------------+
; Parameter Name         ; Value        ; Type                                             ;
+------------------------+--------------+--------------------------------------------------+
; AUTO_CARRY_CHAINS      ; ON           ; AUTO_CARRY                                       ;
; IGNORE_CARRY_BUFFERS   ; OFF          ; IGNORE_CARRY                                     ;
; AUTO_CASCADE_CHAINS    ; ON           ; AUTO_CASCADE                                     ;
; IGNORE_CASCADE_BUFFERS ; OFF          ; IGNORE_CASCADE                                   ;
; LPM_WIDTH              ; 8            ; Signed Integer                                   ;
; LPM_SIZE               ; 2            ; Signed Integer                                   ;
; LPM_WIDTHS             ; 1            ; Signed Integer                                   ;
; LPM_PIPELINE           ; 0            ; Signed Integer                                   ;
; CBXI_PARAMETER         ; mux_p7e      ; Untyped                                          ;
; DEVICE_FAMILY          ; Cyclone IV E ; Untyped                                          ;
+------------------------+--------------+--------------------------------------------------+
Note: In order to hide this table in the UI and the text report file, please set the "Show Parameter Settings in Synthesis Report" option in "Analysis and Synthesis Settings -> More Settings" to "Off".


+-----------------------------------------------------------------------------------------------+
; Parameter Settings for User Entity Instance: sinconvert:inst3|altsyncram:altsyncram_component ;
+------------------------------------+----------------------+-----------------------------------+
; Parameter Name                     ; Value                ; Type                              ;
+------------------------------------+----------------------+-----------------------------------+
; BYTE_SIZE_BLOCK                    ; 8                    ; Untyped                           ;
; AUTO_CARRY_CHAINS                  ; ON                   ; AUTO_CARRY                        ;
; IGNORE_CARRY_BUFFERS               ; OFF                  ; IGNORE_CARRY                      ;
; AUTO_CASCADE_CHAINS                ; ON                   ; AUTO_CASCADE                      ;
; IGNORE_CASCADE_BUFFERS             ; OFF                  ; IGNORE_CASCADE                    ;
; WIDTH_BYTEENA                      ; 1                    ; Untyped                           ;
; OPERATION_MODE                     ; ROM                  ; Untyped                           ;
; WIDTH_A                            ; 8                    ; Signed Integer                    ;
; WIDTHAD_A                          ; 8                    ; Signed Integer                    ;
; NUMWORDS_A                         ; 256                  ; Signed Integer                    ;
; OUTDATA_REG_A                      ; CLOCK0               ; Untyped                           ;
; ADDRESS_ACLR_A                     ; NONE                 ; Untyped                           ;
; OUTDATA_ACLR_A                     ; NONE                 ; Untyped                           ;
; WRCONTROL_ACLR_A                   ; NONE                 ; Untyped                           ;
; INDATA_ACLR_A                      ; NONE                 ; Untyped                           ;
; BYTEENA_ACLR_A                     ; NONE                 ; Untyped                           ;
; WIDTH_B                            ; 1                    ; Untyped                           ;
; WIDTHAD_B                          ; 1                    ; Untyped                           ;
; NUMWORDS_B                         ; 1                    ; Untyped                           ;
; INDATA_REG_B                       ; CLOCK1               ; Untyped                           ;
; WRCONTROL_WRADDRESS_REG_B          ; CLOCK1               ; Untyped                           ;
; RDCONTROL_REG_B                    ; CLOCK1               ; Untyped                           ;
; ADDRESS_REG_B                      ; CLOCK1               ; Untyped                           ;
; OUTDATA_REG_B                      ; UNREGISTERED         ; Untyped                           ;
; BYTEENA_REG_B                      ; CLOCK1               ; Untyped                           ;
; INDATA_ACLR_B                      ; NONE                 ; Untyped                           ;
; WRCONTROL_ACLR_B                   ; NONE                 ; Untyped                           ;
; ADDRESS_ACLR_B                     ; NONE                 ; Untyped                           ;
; OUTDATA_ACLR_B                     ; NONE                 ; Untyped                           ;
; RDCONTROL_ACLR_B                   ; NONE                 ; Untyped                           ;
; BYTEENA_ACLR_B                     ; NONE                 ; Untyped                           ;
; WIDTH_BYTEENA_A                    ; 1                    ; Signed Integer                    ;
; WIDTH_BYTEENA_B                    ; 1                    ; Untyped                           ;
; RAM_BLOCK_TYPE                     ; AUTO                 ; Untyped                           ;
; BYTE_SIZE                          ; 8                    ; Untyped                           ;
; READ_DURING_WRITE_MODE_MIXED_PORTS ; DONT_CARE            ; Untyped                           ;
; READ_DURING_WRITE_MODE_PORT_A      ; NEW_DATA_NO_NBE_READ ; Untyped                           ;
; READ_DURING_WRITE_MODE_PORT_B      ; NEW_DATA_NO_NBE_READ ; Untyped                           ;
; INIT_FILE                          ; sinecode.mif         ; Untyped                           ;
; INIT_FILE_LAYOUT                   ; PORT_A               ; Untyped                           ;
; MAXIMUM_DEPTH                      ; 0                    ; Untyped                           ;
; CLOCK_ENABLE_INPUT_A               ; BYPASS               ; Untyped                           ;
; CLOCK_ENABLE_INPUT_B               ; NORMAL               ; Untyped                           ;
; CLOCK_ENABLE_OUTPUT_A              ; BYPASS               ; Untyped                           ;
; CLOCK_ENABLE_OUTPUT_B              ; NORMAL               ; Untyped                           ;
; CLOCK_ENABLE_CORE_A                ; USE_INPUT_CLKEN      ; Untyped                           ;
; CLOCK_ENABLE_CORE_B                ; USE_INPUT_CLKEN      ; Untyped                           ;
; ENABLE_ECC                         ; FALSE                ; Untyped                           ;
; ECC_PIPELINE_STAGE_ENABLED         ; FALSE                ; Untyped                           ;
; WIDTH_ECCSTATUS                    ; 3                    ; Untyped                           ;
; DEVICE_FAMILY                      ; Cyclone IV E         ; Untyped                           ;
; CBXI_PARAMETER                     ; altsyncram_ae91      ; Untyped                           ;
+------------------------------------+----------------------+-----------------------------------+
Note: In order to hide this table in the UI and the text report file, please set the "Show Parameter Settings in Synthesis Report" option in "Analysis and Synthesis Settings -> More Settings" to "Off".


+---------------------------------------------------------------------------------------------+
; Parameter Settings for User Entity Instance: updown:inst2|lpm_counter:LPM_COUNTER_component ;
+------------------------+--------------+-----------------------------------------------------+
; Parameter Name         ; Value        ; Type                                                ;
+------------------------+--------------+-----------------------------------------------------+
; AUTO_CARRY_CHAINS      ; ON           ; AUTO_CARRY                                          ;
; IGNORE_CARRY_BUFFERS   ; OFF          ; IGNORE_CARRY                                        ;
; AUTO_CASCADE_CHAINS    ; ON           ; AUTO_CASCADE                                        ;
; IGNORE_CASCADE_BUFFERS ; OFF          ; IGNORE_CASCADE                                      ;
; LPM_WIDTH              ; 8            ; Signed Integer                                      ;
; LPM_DIRECTION          ; DEFAULT      ; Untyped                                             ;
; LPM_MODULUS            ; 0            ; Untyped                                             ;
; LPM_AVALUE             ; UNUSED       ; Untyped                                             ;
; LPM_SVALUE             ; UNUSED       ; Untyped                                             ;
; LPM_PORT_UPDOWN        ; PORT_USED    ; Untyped                                             ;
; DEVICE_FAMILY          ; Cyclone IV E ; Untyped                                             ;
; CARRY_CHAIN            ; MANUAL       ; Untyped                                             ;
; CARRY_CHAIN_LENGTH     ; 48           ; CARRY_CHAIN_LENGTH                                  ;
; NOT_GATE_PUSH_BACK     ; ON           ; NOT_GATE_PUSH_BACK                                  ;
; CARRY_CNT_EN           ; SMART        ; Untyped                                             ;
; LABWIDE_SCLR           ; ON           ; Untyped                                             ;
; USE_NEW_VERSION        ; TRUE         ; Untyped                                             ;
; CBXI_PARAMETER         ; cntr_2ph     ; Untyped                                             ;
+------------------------+--------------+-----------------------------------------------------+
Note: In order to hide this table in the UI and the text report file, please set the "Show Parameter Settings in Synthesis Report" option in "Analysis and Synthesis Settings -> More Settings" to "Off".


+--------------------------------------------------------------------------------------------+
; Parameter Settings for User Entity Instance: decode:inst10|lpm_decode:LPM_DECODE_component ;
+------------------------+--------------+----------------------------------------------------+
; Parameter Name         ; Value        ; Type                                               ;
+------------------------+--------------+----------------------------------------------------+
; LPM_WIDTH              ; 8            ; Signed Integer                                     ;
; LPM_DECODES            ; 256          ; Signed Integer                                     ;
; LPM_PIPELINE           ; 0            ; Untyped                                            ;
; CASCADE_CHAIN          ; MANUAL       ; Untyped                                            ;
; DEVICE_FAMILY          ; Cyclone IV E ; Untyped                                            ;
; CBXI_PARAMETER         ; decode_oef   ; Untyped                                            ;
; AUTO_CARRY_CHAINS      ; ON           ; AUTO_CARRY                                         ;
; IGNORE_CARRY_BUFFERS   ; OFF          ; IGNORE_CARRY                                       ;
; AUTO_CASCADE_CHAINS    ; ON           ; AUTO_CASCADE                                       ;
; IGNORE_CASCADE_BUFFERS ; OFF          ; IGNORE_CASCADE                                     ;
+------------------------+--------------+----------------------------------------------------+
Note: In order to hide this table in the UI and the text report file, please set the "Show Parameter Settings in Synthesis Report" option in "Analysis and Synthesis Settings -> More Settings" to "Off".


+------------------------------------------------------------------------------------------------+
; Parameter Settings for User Entity Instance: oscillator:inst|lpm_counter:LPM_COUNTER_component ;
+------------------------+--------------+--------------------------------------------------------+
; Parameter Name         ; Value        ; Type                                                   ;
+------------------------+--------------+--------------------------------------------------------+
; AUTO_CARRY_CHAINS      ; ON           ; AUTO_CARRY                                             ;
; IGNORE_CARRY_BUFFERS   ; OFF          ; IGNORE_CARRY                                           ;
; AUTO_CASCADE_CHAINS    ; ON           ; AUTO_CASCADE                                           ;
; IGNORE_CASCADE_BUFFERS ; OFF          ; IGNORE_CASCADE                                         ;
; LPM_WIDTH              ; 12           ; Signed Integer                                         ;
; LPM_DIRECTION          ; UP           ; Untyped                                                ;
; LPM_MODULUS            ; 100          ; Signed Integer                                         ;
; LPM_AVALUE             ; UNUSED       ; Untyped                                                ;
; LPM_SVALUE             ; UNUSED       ; Untyped                                                ;
; LPM_PORT_UPDOWN        ; PORT_UNUSED  ; Untyped                                                ;
; DEVICE_FAMILY          ; Cyclone IV E ; Untyped                                                ;
; CARRY_CHAIN            ; MANUAL       ; Untyped                                                ;
; CARRY_CHAIN_LENGTH     ; 48           ; CARRY_CHAIN_LENGTH                                     ;
; NOT_GATE_PUSH_BACK     ; ON           ; NOT_GATE_PUSH_BACK                                     ;
; CARRY_CNT_EN           ; SMART        ; Untyped                                                ;
; LABWIDE_SCLR           ; ON           ; Untyped                                                ;
; USE_NEW_VERSION        ; TRUE         ; Untyped                                                ;
; CBXI_PARAMETER         ; cntr_1gk     ; Untyped                                                ;
+------------------------+--------------+--------------------------------------------------------+
Note: In order to hide this table in the UI and the text report file, please set the "Show Parameter Settings in Synthesis Report" option in "Analysis and Synthesis Settings -> More Settings" to "Off".


+----------------------------------------------------------------------------------------------+
; altsyncram Parameter Settings by Entity Instance                                             ;
+-------------------------------------------+--------------------------------------------------+
; Name                                      ; Value                                            ;
+-------------------------------------------+--------------------------------------------------+
; Number of entity instances                ; 1                                                ;
; Entity Instance                           ; sinconvert:inst3|altsyncram:altsyncram_component ;
;     -- OPERATION_MODE                     ; ROM                                              ;
;     -- WIDTH_A                            ; 8                                                ;
;     -- NUMWORDS_A                         ; 256                                              ;
;     -- OUTDATA_REG_A                      ; CLOCK0                                           ;
;     -- WIDTH_B                            ; 1                                                ;
;     -- NUMWORDS_B                         ; 1                                                ;
;     -- ADDRESS_REG_B                      ; CLOCK1                                           ;
;     -- OUTDATA_REG_B                      ; UNREGISTERED                                     ;
;     -- RAM_BLOCK_TYPE                     ; AUTO                                             ;
;     -- READ_DURING_WRITE_MODE_MIXED_PORTS ; DONT_CARE                                        ;
+-------------------------------------------+--------------------------------------------------+


+-----------------------------------------------------+
; Post-Synthesis Netlist Statistics for Top Partition ;
+-----------------------+-----------------------------+
; Type                  ; Count                       ;
+-----------------------+-----------------------------+
; boundary_port         ; 13                          ;
; cycloneiii_ff         ; 21                          ;
;     SLD               ; 12                          ;
;     plain             ; 9                           ;
; cycloneiii_lcell_comb ; 41                          ;
;     arith             ; 21                          ;
;         2 data inputs ; 14                          ;
;         3 data inputs ; 7                           ;
;     normal            ; 20                          ;
;         0 data inputs ; 2                           ;
;         1 data inputs ; 1                           ;
;         2 data inputs ; 1                           ;
;         3 data inputs ; 9                           ;
;         4 data inputs ; 7                           ;
; cycloneiii_ram_block  ; 8                           ;
;                       ;                             ;
; Max LUT depth         ; 5.10                        ;
; Average LUT depth     ; 3.20                        ;
+-----------------------+-----------------------------+


+-------------------------------+
; Elapsed Time Per Partition    ;
+----------------+--------------+
; Partition Name ; Elapsed Time ;
+----------------+--------------+
; Top            ; 00:00:00     ;
+----------------+--------------+


+-------------------------------+
; Analysis & Synthesis Messages ;
+-------------------------------+
Info: *******************************************************************
Info: Running Quartus Prime Analysis & Synthesis
    Info: Version 17.0.0 Build 595 04/25/2017 SJ Standard Edition
    Info: Processing started: Fri Mar 09 18:17:02 2018
Info: Command: quartus_map --read_settings_files=on --write_settings_files=off LiveDesign -c LiveDesign
Warning (125092): Tcl Script File mf_counter.qip not found
    Info (125063): set_global_assignment -name QIP_FILE mf_counter.qip
Warning (125092): Tcl Script File mf_count1.qip not found
    Info (125063): set_global_assignment -name QIP_FILE mf_count1.qip
Warning (18236): Number of processors has not been specified which may cause overloading on shared machines.  Set the global assignment NUM_PARALLEL_PROCESSORS in your QSF to an appropriate value for best performance.
Info (20030): Parallel compilation is enabled and will use 4 of the 4 processors detected
Info (12021): Found 1 design units, including 1 entities, in source file toplevel.bdf
    Info (12023): Found entity 1: TopLevel
Info (12021): Found 1 design units, including 1 entities, in source file 7segment.tdf
    Info (12023): Found entity 1: 7segment File: D:/Labs/Virgin/Lab_7_2/7segment.tdf Line: 1
Info (12021): Found 2 design units, including 1 entities, in source file oscillator.vhd
    Info (12022): Found design unit 1: oscillator-SYN File: D:/Labs/Virgin/Lab_7_2/oscillator.vhd Line: 55
    Info (12023): Found entity 1: oscillator File: D:/Labs/Virgin/Lab_7_2/oscillator.vhd Line: 43
Info (12021): Found 2 design units, including 1 entities, in source file multiplexer.vhd
    Info (12022): Found design unit 1: multiplexer-SYN File: D:/Labs/Virgin/Lab_7_2/multiplexer.vhd Line: 54
    Info (12023): Found entity 1: multiplexer File: D:/Labs/Virgin/Lab_7_2/multiplexer.vhd Line: 43
Info (12021): Found 2 design units, including 1 entities, in source file const_0.vhd
    Info (12022): Found design unit 1: const_0-SYN File: D:/Labs/Virgin/Lab_7_2/const_0.vhd Line: 51
    Info (12023): Found entity 1: const_0 File: D:/Labs/Virgin/Lab_7_2/const_0.vhd Line: 43
Info (12021): Found 1 design units, including 1 entities, in source file updown.v
    Info (12023): Found entity 1: updown File: D:/Labs/Virgin/Lab_7_2/updown.v Line: 40
Info (12021): Found 1 design units, including 1 entities, in source file decode.v
    Info (12023): Found entity 1: decode File: D:/Labs/Virgin/Lab_7_2/decode.v Line: 40
Info (12021): Found 1 design units, including 1 entities, in source file sinconvert.v
    Info (12023): Found entity 1: sinconvert File: D:/Labs/Virgin/Lab_7_2/sinconvert.v Line: 40
Info (12127): Elaborating entity "TopLevel" for the top level hierarchy
Info (12128): Elaborating entity "multiplexer" for hierarchy "multiplexer:inst1"
Info (12128): Elaborating entity "LPM_MUX" for hierarchy "multiplexer:inst1|LPM_MUX:LPM_MUX_component" File: D:/Labs/Virgin/Lab_7_2/multiplexer.vhd Line: 88
Info (12130): Elaborated megafunction instantiation "multiplexer:inst1|LPM_MUX:LPM_MUX_component" File: D:/Labs/Virgin/Lab_7_2/multiplexer.vhd Line: 88
Info (12133): Instantiated megafunction "multiplexer:inst1|LPM_MUX:LPM_MUX_component" with the following parameter: File: D:/Labs/Virgin/Lab_7_2/multiplexer.vhd Line: 88
    Info (12134): Parameter "LPM_WIDTH" = "8"
    Info (12134): Parameter "LPM_SIZE" = "2"
    Info (12134): Parameter "LPM_WIDTHS" = "1"
    Info (12134): Parameter "LPM_PIPELINE" = "0"
    Info (12134): Parameter "LPM_TYPE" = "LPM_MUX"
    Info (12134): Parameter "LPM_HINT" = "UNUSED"
Info (12021): Found 1 design units, including 1 entities, in source file db/mux_p7e.tdf
    Info (12023): Found entity 1: mux_p7e File: D:/Labs/Virgin/Lab_7_2/db/mux_p7e.tdf Line: 23
Info (12128): Elaborating entity "mux_p7e" for hierarchy "multiplexer:inst1|LPM_MUX:LPM_MUX_component|mux_p7e:auto_generated" File: c:/intelfpga/17.0/quartus/libraries/megafunctions/lpm_mux.tdf Line: 87
Info (12128): Elaborating entity "sinconvert" for hierarchy "sinconvert:inst3"
Info (12128): Elaborating entity "altsyncram" for hierarchy "sinconvert:inst3|altsyncram:altsyncram_component" File: D:/Labs/Virgin/Lab_7_2/sinconvert.v Line: 82
Info (12130): Elaborated megafunction instantiation "sinconvert:inst3|altsyncram:altsyncram_component" File: D:/Labs/Virgin/Lab_7_2/sinconvert.v Line: 82
Info (12133): Instantiated megafunction "sinconvert:inst3|altsyncram:altsyncram_component" with the following parameter: File: D:/Labs/Virgin/Lab_7_2/sinconvert.v Line: 82
    Info (12134): Parameter "address_aclr_a" = "NONE"
    Info (12134): Parameter "clock_enable_input_a" = "BYPASS"
    Info (12134): Parameter "clock_enable_output_a" = "BYPASS"
    Info (12134): Parameter "init_file" = "sinecode.mif"
    Info (12134): Parameter "intended_device_family" = "Cyclone IV E"
    Info (12134): Parameter "lpm_hint" = "ENABLE_RUNTIME_MOD=NO"
    Info (12134): Parameter "lpm_type" = "altsyncram"
    Info (12134): Parameter "numwords_a" = "256"
    Info (12134): Parameter "operation_mode" = "ROM"
    Info (12134): Parameter "outdata_aclr_a" = "NONE"
    Info (12134): Parameter "outdata_reg_a" = "CLOCK0"
    Info (12134): Parameter "widthad_a" = "8"
    Info (12134): Parameter "width_a" = "8"
    Info (12134): Parameter "width_byteena_a" = "1"
Info (12021): Found 1 design units, including 1 entities, in source file db/altsyncram_ae91.tdf
    Info (12023): Found entity 1: altsyncram_ae91 File: D:/Labs/Virgin/Lab_7_2/db/altsyncram_ae91.tdf Line: 28
Info (12128): Elaborating entity "altsyncram_ae91" for hierarchy "sinconvert:inst3|altsyncram:altsyncram_component|altsyncram_ae91:auto_generated" File: c:/intelfpga/17.0/quartus/libraries/megafunctions/altsyncram.tdf Line: 792
Info (12128): Elaborating entity "updown" for hierarchy "updown:inst2"
Info (12128): Elaborating entity "lpm_counter" for hierarchy "updown:inst2|lpm_counter:LPM_COUNTER_component" File: D:/Labs/Virgin/Lab_7_2/updown.v Line: 75
Info (12130): Elaborated megafunction instantiation "updown:inst2|lpm_counter:LPM_COUNTER_component" File: D:/Labs/Virgin/Lab_7_2/updown.v Line: 75
Info (12133): Instantiated megafunction "updown:inst2|lpm_counter:LPM_COUNTER_component" with the following parameter: File: D:/Labs/Virgin/Lab_7_2/updown.v Line: 75
    Info (12134): Parameter "lpm_direction" = "UNUSED"
    Info (12134): Parameter "lpm_port_updown" = "PORT_USED"
    Info (12134): Parameter "lpm_type" = "LPM_COUNTER"
    Info (12134): Parameter "lpm_width" = "8"
Info (12021): Found 1 design units, including 1 entities, in source file db/cntr_2ph.tdf
    Info (12023): Found entity 1: cntr_2ph File: D:/Labs/Virgin/Lab_7_2/db/cntr_2ph.tdf Line: 26
Info (12128): Elaborating entity "cntr_2ph" for hierarchy "updown:inst2|lpm_counter:LPM_COUNTER_component|cntr_2ph:auto_generated" File: c:/intelfpga/17.0/quartus/libraries/megafunctions/lpm_counter.tdf Line: 259
Info (12128): Elaborating entity "decode" for hierarchy "decode:inst10"
Info (12128): Elaborating entity "lpm_decode" for hierarchy "decode:inst10|lpm_decode:LPM_DECODE_component" File: D:/Labs/Virgin/Lab_7_2/decode.v Line: 65
Info (12130): Elaborated megafunction instantiation "decode:inst10|lpm_decode:LPM_DECODE_component" File: D:/Labs/Virgin/Lab_7_2/decode.v Line: 65
Info (12133): Instantiated megafunction "decode:inst10|lpm_decode:LPM_DECODE_component" with the following parameter: File: D:/Labs/Virgin/Lab_7_2/decode.v Line: 65
    Info (12134): Parameter "lpm_decodes" = "256"
    Info (12134): Parameter "lpm_type" = "LPM_DECODE"
    Info (12134): Parameter "lpm_width" = "8"
Info (12021): Found 1 design units, including 1 entities, in source file db/decode_oef.tdf
    Info (12023): Found entity 1: decode_oef File: D:/Labs/Virgin/Lab_7_2/db/decode_oef.tdf Line: 23
Info (12128): Elaborating entity "decode_oef" for hierarchy "decode:inst10|lpm_decode:LPM_DECODE_component|decode_oef:auto_generated" File: c:/intelfpga/17.0/quartus/libraries/megafunctions/lpm_decode.tdf Line: 77
Info (12128): Elaborating entity "oscillator" for hierarchy "oscillator:inst"
Info (12128): Elaborating entity "lpm_counter" for hierarchy "oscillator:inst|lpm_counter:LPM_COUNTER_component" File: D:/Labs/Virgin/Lab_7_2/oscillator.vhd Line: 83
Info (12130): Elaborated megafunction instantiation "oscillator:inst|lpm_counter:LPM_COUNTER_component" File: D:/Labs/Virgin/Lab_7_2/oscillator.vhd Line: 83
Info (12133): Instantiated megafunction "oscillator:inst|lpm_counter:LPM_COUNTER_component" with the following parameter: File: D:/Labs/Virgin/Lab_7_2/oscillator.vhd Line: 83
    Info (12134): Parameter "lpm_direction" = "UP"
    Info (12134): Parameter "lpm_modulus" = "100"
    Info (12134): Parameter "lpm_port_updown" = "PORT_UNUSED"
    Info (12134): Parameter "lpm_type" = "LPM_COUNTER"
    Info (12134): Parameter "lpm_width" = "12"
Info (12021): Found 1 design units, including 1 entities, in source file db/cntr_1gk.tdf
    Info (12023): Found entity 1: cntr_1gk File: D:/Labs/Virgin/Lab_7_2/db/cntr_1gk.tdf Line: 28
Info (12128): Elaborating entity "cntr_1gk" for hierarchy "oscillator:inst|lpm_counter:LPM_COUNTER_component|cntr_1gk:auto_generated" File: c:/intelfpga/17.0/quartus/libraries/megafunctions/lpm_counter.tdf Line: 259
Info (12021): Found 1 design units, including 1 entities, in source file db/cmpr_9ic.tdf
    Info (12023): Found entity 1: cmpr_9ic File: D:/Labs/Virgin/Lab_7_2/db/cmpr_9ic.tdf Line: 23
Info (12128): Elaborating entity "cmpr_9ic" for hierarchy "oscillator:inst|lpm_counter:LPM_COUNTER_component|cntr_1gk:auto_generated|cmpr_9ic:cmpr1" File: D:/Labs/Virgin/Lab_7_2/db/cntr_1gk.tdf Line: 98
Info (16010): Generating hard_block partition "hard_block:auto_generated_inst"
    Info (16011): Adding 0 node(s), including 0 DDIO, 0 PLL, 0 transceiver and 0 LCELL
Info (21057): Implemented 62 device resources after synthesis - the final resource count might be different
    Info (21058): Implemented 3 input pins
    Info (21059): Implemented 10 output pins
    Info (21061): Implemented 41 logic cells
    Info (21064): Implemented 8 RAM segments
Info: Quartus Prime Analysis & Synthesis was successful. 0 errors, 3 warnings
    Info: Peak virtual memory: 751 megabytes
    Info: Processing ended: Fri Mar 09 18:17:17 2018
    Info: Elapsed time: 00:00:15
    Info: Total CPU time (on all processors): 00:00:20


