EDA Netlist Writer report for LiveDesign
Mon Mar 05 17:04:02 2018
Quartus Prime Version 17.0.0 Build 595 04/25/2017 SJ Standard Edition


---------------------
; Table of Contents ;
---------------------
  1. Legal Notice
  2. EDA Netlist Writer Summary
  3. EDA Netlist Writer Messages



----------------
; Legal Notice ;
----------------
Copyright (C) 2017  Intel Corporation. All rights reserved.
Your use of Intel Corporation's design tools, logic functions 
and other software and tools, and its AMPP partner logic 
functions, and any output files from any of the foregoing 
(including device programming or simulation files), and any 
associated documentation or information are expressly subject 
to the terms and conditions of the Intel Program License 
Subscription Agreement, the Intel Quartus Prime License Agreement,
the Intel MegaCore Function License Agreement, or other 
applicable license agreement, including, without limitation, 
that your use is for the sole purpose of programming logic 
devices manufactured by Intel and sold by Intel or its 
authorized distributors.  Please refer to the applicable 
agreement for further details.



+---------------------------------------------------------------+
; EDA Netlist Writer Summary                                    ;
+---------------------------+-----------------------------------+
; EDA Netlist Writer Status ; Failed - Mon Mar 05 17:04:02 2018 ;
; Revision Name             ; LiveDesign                        ;
; Top-level Entity Name     ; TopLevel                          ;
; Family                    ; Cyclone IV E                      ;
+---------------------------+-----------------------------------+


+-----------------------------+
; EDA Netlist Writer Messages ;
+-----------------------------+
Info: *******************************************************************
Info: Running Quartus Prime EDA Netlist Writer
    Info: Version 17.0.0 Build 595 04/25/2017 SJ Standard Edition
    Info: Copyright (C) 2017  Intel Corporation. All rights reserved.
    Info: Your use of Intel Corporation's design tools, logic functions 
    Info: and other software and tools, and its AMPP partner logic 
    Info: functions, and any output files from any of the foregoing 
    Info: (including device programming or simulation files), and any 
    Info: associated documentation or information are expressly subject 
    Info: to the terms and conditions of the Intel Program License 
    Info: Subscription Agreement, the Intel Quartus Prime License Agreement,
    Info: the Intel MegaCore Function License Agreement, or other 
    Info: applicable license agreement, including, without limitation, 
    Info: that your use is for the sole purpose of programming logic 
    Info: devices manufactured by Intel and sold by Intel or its 
    Info: authorized distributors.  Please refer to the applicable 
    Info: agreement for further details.
    Info: Processing started: Mon Mar 05 17:03:59 2018
Info: Command: quartus_eda --gen_testbench --tool=modelsim_oem --format=vhdl --write_settings_files=off LiveDesign -c LiveDesign --vector_source=D:/Labs/Virgin/Lab_6/Waveform.vwf --testbench_file=D:/Labs/Virgin/Lab_6/simulation/qsim/Waveform.vwf
Warning (125092): Tcl Script File mf_counter.qip not found
    Info (125063): set_global_assignment -name QIP_FILE mf_counter.qip
Warning (125092): Tcl Script File mf_count1.qip not found
    Info (125063): set_global_assignment -name QIP_FILE mf_count1.qip
Warning (18236): Number of processors has not been specified which may cause overloading on shared machines.  Set the global assignment NUM_PARALLEL_PROCESSORS in your QSF to an appropriate value for best performance.
Error (199012): File name "D:/Labs/Virgin/Lab_6/simulation/qsim/Waveform.vwf" used with --testbench_file option is illegal -- file name must have .vt or .vht file extension
Error: Quartus Prime EDA Netlist Writer was unsuccessful. 1 error, 3 warnings
    Error: Peak virtual memory: 563 megabytes
    Error: Processing ended: Mon Mar 05 17:04:02 2018
    Error: Elapsed time: 00:00:03
    Error: Total CPU time (on all processors): 00:00:01


