Flow report for LiveDesign
Mon Jan 23 18:08:31 2017
Quartus Prime Version 15.1.0 Build 185 10/21/2015 SJ Standard Edition


---------------------
; Table of Contents ;
---------------------
  1. Legal Notice
  2. Flow Summary
  3. Flow Settings
  4. Flow Non-Default Global Settings
  5. Flow Elapsed Time
  6. Flow OS Summary
  7. Flow Log
  8. Flow Messages
  9. Flow Suppressed Messages



----------------
; Legal Notice ;
----------------
Copyright (C) 1991-2015 Altera Corporation. All rights reserved.
Your use of Altera Corporation's design tools, logic functions 
and other software and tools, and its AMPP partner logic 
functions, and any output files from any of the foregoing 
(including device programming or simulation files), and any 
associated documentation or information are expressly subject 
to the terms and conditions of the Altera Program License 
Subscription Agreement, the Altera Quartus Prime License Agreement,
the Altera MegaCore Function License Agreement, or other 
applicable license agreement, including, without limitation, 
that your use is for the sole purpose of programming logic 
devices manufactured by Altera and sold by Altera or its 
authorized distributors.  Please refer to the applicable 
agreement for further details.



+--------------------------------------------------------------------------------------+
; Flow Summary                                                                         ;
+------------------------------------+-------------------------------------------------+
; Flow Status                        ; Successful - Mon Jan 23 18:08:31 2017           ;
; Quartus Prime Version              ; 15.1.0 Build 185 10/21/2015 SJ Standard Edition ;
; Revision Name                      ; LiveDesign                                      ;
; Top-level Entity Name              ; Counter                                         ;
; Family                             ; Cyclone IV E                                    ;
; Device                             ; EP4CE115F29C7                                   ;
; Timing Models                      ; Final                                           ;
; Total logic elements               ; 84 / 114,480 ( < 1 % )                          ;
;     Total combinational functions  ; 84 / 114,480 ( < 1 % )                          ;
;     Dedicated logic registers      ; 40 / 114,480 ( < 1 % )                          ;
; Total registers                    ; 40                                              ;
; Total pins                         ; 91 / 529 ( 17 % )                               ;
; Total virtual pins                 ; 0                                               ;
; Total memory bits                  ; 0 / 3,981,312 ( 0 % )                           ;
; Embedded Multiplier 9-bit elements ; 0 / 532 ( 0 % )                                 ;
; Total PLLs                         ; 0 / 4 ( 0 % )                                   ;
+------------------------------------+-------------------------------------------------+


+-----------------------------------------+
; Flow Settings                           ;
+-------------------+---------------------+
; Option            ; Setting             ;
+-------------------+---------------------+
; Start date & time ; 01/23/2017 18:02:26 ;
; Main task         ; Compilation         ;
; Revision Name     ; LiveDesign          ;
+-------------------+---------------------+


+------------------------------------------------------------------------------------------------------------------+
; Flow Non-Default Global Settings                                                                                 ;
+-------------------------------------+---------------------------------+---------------+-------------+------------+
; Assignment Name                     ; Value                           ; Default Value ; Entity Name ; Section Id ;
+-------------------------------------+---------------------------------+---------------+-------------+------------+
; COMPILER_SIGNATURE_ID               ; 203050746670677.148522334608884 ; --            ; --          ; --         ;
; MAX_CORE_JUNCTION_TEMP              ; 85                              ; --            ; --          ; --         ;
; MIN_CORE_JUNCTION_TEMP              ; 0                               ; --            ; --          ; --         ;
; MISC_FILE                           ; mf_counter.tdf                  ; --            ; --          ; --         ;
; MISC_FILE                           ; mf_counter.bsf                  ; --            ; --          ; --         ;
; MISC_FILE                           ; mf_counter_inst.tdf             ; --            ; --          ; --         ;
; MISC_FILE                           ; mf_counter.inc                  ; --            ; --          ; --         ;
; MISC_FILE                           ; mf_count1.bsf                   ; --            ; --          ; --         ;
; MISC_FILE                           ; mf_count1_inst.vhd              ; --            ; --          ; --         ;
; MISC_FILE                           ; mf_count1.inc                   ; --            ; --          ; --         ;
; MISC_FILE                           ; mf_count1.cmp                   ; --            ; --          ; --         ;
; PARTITION_COLOR                     ; 16764057                        ; --            ; Counter     ; Top        ;
; PARTITION_FITTER_PRESERVATION_LEVEL ; PLACEMENT_AND_ROUTING           ; --            ; Counter     ; Top        ;
; PARTITION_NETLIST_TYPE              ; SOURCE                          ; --            ; Counter     ; Top        ;
; STATE_MACHINE_PROCESSING            ; User-Encoded                    ; Auto          ; --          ; --         ;
; TOP_LEVEL_ENTITY                    ; Counter                         ; LiveDesign    ; --          ; --         ;
+-------------------------------------+---------------------------------+---------------+-------------+------------+


+-------------------------------------------------------------------------------------------------------------------------------+
; Flow Elapsed Time                                                                                                             ;
+---------------------------+--------------+-------------------------+---------------------+------------------------------------+
; Module Name               ; Elapsed Time ; Average Processors Used ; Peak Virtual Memory ; Total CPU Time (on all processors) ;
+---------------------------+--------------+-------------------------+---------------------+------------------------------------+
; Analysis & Synthesis      ; 00:00:49     ; 1.0                     ; 869 MB              ; 00:00:26                           ;
; Fitter                    ; 00:01:01     ; 1.0                     ; 1562 MB             ; 00:00:32                           ;
; Assembler                 ; 00:01:01     ; 1.0                     ; 749 MB              ; 00:00:07                           ;
; TimeQuest Timing Analyzer ; 00:00:37     ; 1.0                     ; 911 MB              ; 00:00:03                           ;
; EDA Netlist Writer        ; 00:00:34     ; 1.0                     ; 707 MB              ; 00:00:01                           ;
; EDA Netlist Writer        ; 00:00:34     ; 1.0                     ; 721 MB              ; 00:00:02                           ;
; Total                     ; 00:04:36     ; --                      ; --                  ; 00:01:11                           ;
+---------------------------+--------------+-------------------------+---------------------+------------------------------------+


+----------------------------------------------------------------------------------------+
; Flow OS Summary                                                                        ;
+---------------------------+------------------+-----------+------------+----------------+
; Module Name               ; Machine Hostname ; OS Name   ; OS Version ; Processor type ;
+---------------------------+------------------+-----------+------------+----------------+
; Analysis & Synthesis      ; teal             ; Windows 8 ; 6.2        ; x86_64         ;
; Fitter                    ; teal             ; Windows 8 ; 6.2        ; x86_64         ;
; Assembler                 ; teal             ; Windows 8 ; 6.2        ; x86_64         ;
; TimeQuest Timing Analyzer ; teal             ; Windows 8 ; 6.2        ; x86_64         ;
; EDA Netlist Writer        ; teal             ; Windows 8 ; 6.2        ; x86_64         ;
; EDA Netlist Writer        ; teal             ; Windows 8 ; 6.2        ; x86_64         ;
+---------------------------+------------------+-----------+------------+----------------+


------------
; Flow Log ;
------------
quartus_map --read_settings_files=on --write_settings_files=off LiveDesign -c LiveDesign
quartus_fit --read_settings_files=off --write_settings_files=off LiveDesign -c LiveDesign
quartus_asm --read_settings_files=off --write_settings_files=off LiveDesign -c LiveDesign
quartus_sta LiveDesign -c LiveDesign
quartus_eda --gen_testbench --tool=modelsim_oem --format=verilog --write_settings_files=off LiveDesign -c LiveDesign --vector_source=C:/Users/student/Desktop/127B_2017_orig/Virgin/Lab_3_1/LiveDesign.vwf --testbench_file=C:/Users/student/Desktop/127B_2017_orig/Virgin/Lab_3_1/simulation/qsim/LiveDesign.vwf.vt
quartus_eda --write_settings_files=off --functional=off --flatten_buses=off --timescale=1ps --simulation=on --tool=modelsim_oem --format=verilog --output_directory=C:/Users/student/Desktop/127B_2017_orig/Virgin/Lab_3_1/simulation/qsim/ LiveDesign -c LiveDesign



